2026-03-07 09:16:12.035 [NO_CORR] INFO  o.h.validator.internal.util.Version - HV000001: Hibernate Validator 8.0.1.Final
2026-03-07 09:16:12.217 [NO_CORR] INFO  o.f.g.p.PayrollServiceApplication - Starting PayrollServiceApplication using Java 23.0.2 with PID 15052 (C:\Research\Hr-poc\fractalx-output\payroll-service\target\classes started by gayas in C:\Research\Hr-poc\fractalx-output\payroll-service)
2026-03-07 09:16:12.217 [NO_CORR] DEBUG o.f.g.p.PayrollServiceApplication - Running with Spring Boot v3.2.0, Spring v6.1.1
2026-03-07 09:16:12.217 [NO_CORR] INFO  o.f.g.p.PayrollServiceApplication - The following 1 profile is active: "dev"
2026-03-07 09:16:16.466 [NO_CORR] INFO  o.f.r.NetScopeGrpcServerBeanOverrider - NetScopeGrpcServerBeanOverrider: replaced 'netScopeGrpcServer' with CorrelationAwareNetScopeGrpcServer
2026-03-07 09:16:17.586 [NO_CORR] WARN  o.s.c.s.PostProcessorRegistrationDelegate$BeanPostProcessorChecker - Bean 'fractalXRuntimeAutoConfiguration' of type [org.fractalx.runtime.FractalXRuntimeAutoConfiguration] is not eligible for getting processed by all BeanPostProcessors (for example: not eligible for auto-proxying). The currently created BeanPostProcessor [netScopeGrpcInterceptorConfigurer] is declared through a non-static factory method on that class; consider declaring it as static instead.
2026-03-07 09:16:17.682 [NO_CORR] WARN  o.s.c.s.PostProcessorRegistrationDelegate$BeanPostProcessorChecker - Bean 'netScopeContextInterceptor' of type [org.fractalx.runtime.NetScopeContextInterceptor] is not eligible for getting processed by all BeanPostProcessors (for example: not eligible for auto-proxying). Is this bean getting eagerly injected into a currently created BeanPostProcessor [netScopeGrpcInterceptorConfigurer]? Check the corresponding BeanPostProcessor declaration and its dependencies.
2026-03-07 09:16:19.585 [NO_CORR] INFO  o.a.coyote.http11.Http11NioProtocol - Initializing ProtocolHandler ["http-nio-8082"]
2026-03-07 09:16:19.588 [NO_CORR] INFO  o.a.catalina.core.StandardService - Starting service [Tomcat]
2026-03-07 09:16:19.597 [NO_CORR] INFO  o.a.catalina.core.StandardEngine - Starting Servlet engine: [Apache Tomcat/10.1.16]
2026-03-07 09:16:19.823 [NO_CORR] INFO  o.a.c.c.C.[Tomcat].[localhost].[/] - Initializing Spring embedded WebApplicationContext
2026-03-07 09:16:23.565 [NO_CORR] INFO  com.zaxxer.hikari.HikariDataSource - HikariPool-1 - Starting...
2026-03-07 09:16:25.793 [NO_CORR] INFO  com.zaxxer.hikari.pool.HikariPool - HikariPool-1 - Added connection conn0: url=jdbc:h2:mem:payroll_service user=SA
2026-03-07 09:16:25.832 [NO_CORR] INFO  com.zaxxer.hikari.HikariDataSource - HikariPool-1 - Start completed.
2026-03-07 09:16:26.113 [NO_CORR] INFO  o.f.c.i.license.VersionPrinter - Flyway Community Edition 9.22.3 by Redgate
2026-03-07 09:16:26.117 [NO_CORR] INFO  o.f.c.i.license.VersionPrinter - See release notes here: https://rd.gt/416ObMi
2026-03-07 09:16:26.117 [NO_CORR] INFO  o.f.c.i.license.VersionPrinter - 
2026-03-07 09:16:26.249 [NO_CORR] INFO  org.flywaydb.core.FlywayExecutor - Database: jdbc:h2:mem:payroll_service (H2 2.2)
2026-03-07 09:16:26.260 [NO_CORR] WARN  o.f.c.i.database.base.Database - Flyway upgrade recommended: H2 2.2.224 is newer than this version of Flyway and support has not been tested. The latest supported version of H2 is 2.2.220.
2026-03-07 09:16:26.320 [NO_CORR] INFO  o.f.c.i.s.JdbcTableSchemaHistory - Schema history table "PUBLIC"."flyway_schema_history" does not exist yet
2026-03-07 09:16:26.320 [NO_CORR] INFO  o.f.core.internal.command.DbValidate - Successfully validated 1 migration (execution time 00:00.032s)
2026-03-07 09:16:26.340 [NO_CORR] INFO  o.f.c.i.s.JdbcTableSchemaHistory - Creating Schema History table "PUBLIC"."flyway_schema_history" ...
2026-03-07 09:16:26.391 [NO_CORR] INFO  o.f.core.internal.command.DbMigrate - Current version of schema "PUBLIC": << Empty Schema >>
2026-03-07 09:16:26.411 [NO_CORR] INFO  o.f.core.internal.command.DbMigrate - Migrating schema "PUBLIC" to version "1 - init"
2026-03-07 09:16:26.441 [NO_CORR] INFO  o.f.core.internal.command.DbMigrate - Successfully applied 1 migration to schema "PUBLIC", now at version v1 (execution time 00:00.018s)
2026-03-07 09:16:26.933 [NO_CORR] INFO  o.h.jpa.internal.util.LogHelper - HHH000204: Processing PersistenceUnitInfo [name: default]
2026-03-07 09:16:27.100 [NO_CORR] INFO  org.hibernate.Version - HHH000412: Hibernate ORM core version 6.3.1.Final
2026-03-07 09:16:27.211 [NO_CORR] INFO  o.h.c.i.RegionFactoryInitiator - HHH000026: Second-level cache disabled
2026-03-07 09:16:32.946 [NO_CORR] INFO  o.h.e.t.j.p.i.JtaPlatformInitiator - HHH000489: No JTA platform available (set 'hibernate.transaction.jta.platform' to enable JTA platform integration)
2026-03-07 09:16:33.594 [NO_CORR] INFO  o.f.g.p.FractalRegistryClient - Registered with fractalx-registry: payroll-service at localhost:8082
2026-03-07 09:16:36.488 [NO_CORR] INFO  o.f.n.s.c.NetScopeAutoConfiguration - NetScope Auto-Configuration initialized
2026-03-07 09:16:36.617 [NO_CORR] DEBUG o.f.n.server.core.NetScopeInvoker - NetScope: Project Reactor not on classpath — reactive unwrapping disabled
2026-03-07 09:16:36.669 [NO_CORR] DEBUG o.f.r.NetScopeObjectMapperConfigurer - NetScopeObjectMapperConfigurer: registered JavaTimeModule on NetScopeInvoker
2026-03-07 09:16:36.701 [NO_CORR] WARN  o.f.n.s.s.OAuth2AuthorizationService - NetScope: Security DISABLED — all methods accessible without authentication
2026-03-07 09:16:36.734 [NO_CORR] INFO  o.f.n.s.grpc.NetScopeGrpcServiceImpl - NetScope gRPC service initialized
2026-03-07 09:16:37.553 [NO_CORR] WARN  o.s.b.a.o.j.JpaBaseConfiguration$JpaWebConfiguration - spring.jpa.open-in-view is enabled by default. Therefore, database queries may be performed during view rendering. Explicitly configure spring.jpa.open-in-view to disable this warning
2026-03-07 09:16:39.014 [NO_CORR] INFO  o.f.n.c.c.NetScopeClientAutoConfiguration - NetScope Client Auto-Configuration initialized
2026-03-07 09:16:42.936 [NO_CORR] DEBUG o.f.n.c.reactive.ReactiveSupport - NetScope client: Project Reactor not on classpath — reactive return types disabled
2026-03-07 09:16:43.009 [NO_CORR] INFO  o.f.r.NetScopeGrpcInterceptorConfigurer - NetScopeGrpcInterceptorConfigurer: correlation ClientInterceptor wired into NetScopeChannelFactory
2026-03-07 09:16:48.609 [NO_CORR] INFO  o.f.r.CorrelationAwareNetScopeGrpcServer - CorrelationAwareNetScopeGrpcServer started on port 18082 with correlation interceptor
2026-03-07 09:16:48.819 [NO_CORR] INFO  o.a.coyote.http11.Http11NioProtocol - Starting ProtocolHandler ["http-nio-8082"]
2026-03-07 09:16:48.937 [NO_CORR] INFO  o.f.g.p.PayrollServiceApplication - Started PayrollServiceApplication in 39.351 seconds (process running for 41.88)
2026-03-07 09:16:49.387 [NO_CORR] INFO  o.a.c.c.C.[Tomcat].[localhost].[/] - Initializing Spring DispatcherServlet 'dispatcherServlet'
